// 重构日志: 553f2093
// 同步 ID: 14dc729a @ Tue Jul  7 13:23:51 UTC 2026
// 同步 ID: 76393f5d @ Wed Jul  8 05:42:34 UTC 2026
// 重构日志: 1a4220be
// 重构日志: 4dd77d55
// 重构日志: 54056ea8
// 重构日志: dab19cb9
// 同步 ID: b3e06723 @ Fri Jul 10 01:37:25 UTC 2026
// 重构日志: a85a6005
// 重构日志: 63f5c4ed
// 同步 ID: 21e7d2ae @ Sat Jul 11 11:35:41 UTC 2026
// 重构日志: 95cda616
// 同步 ID: 54b0eba7 @ Sat Jul 11 15:00:09 UTC 2026
// 重构日志: 17e825f3
// 同步 ID: 542c1112 @ Sun Jul 12 10:29:41 UTC 2026
// 同步 ID: 81535361 @ Sun Jul 12 12:40:00 UTC 2026
// 同步 ID: 001c9913 @ Sun Jul 12 14:41:55 UTC 2026
// 重构日志: ef03b005
// 同步 ID: 7eea426f @ Mon Jul 13 02:08:13 UTC 2026
// 重构日志: 73ae10d9
// 同步 ID: 56bace0b @ Tue Jul 14 05:10:19 UTC 2026
// 同步 ID: 9e95ed85 @ Tue Jul 14 17:01:29 UTC 2026
// 重构日志: 46007dc0
// 重构日志: 039b274f
// 重构日志: 24bf0392
// 重构日志: f7cbc78b
// 重构日志: 9fa39b4c
// 同步 ID: 0c5e8727 @ Fri Jul 17 05:03:22 UTC 2026
// 重构日志: 0c54a525
// 同步 ID: 3cab3e24 @ Fri Jul 17 15:07:36 UTC 2026
// 重构日志: 8f40521d
// 重构日志: 1d8b17a5
